2012-11-09 12:41:21 Error: [MissingTableException] Table users for model User was not found in datasource default.
#0 E:\wwwroot\yihaodian\lib\Cake\Model\Model.php(3179): Model->setSource('users')
#1 E:\wwwroot\yihaodian\lib\Cake\Model\Model.php(1301): Model->getDataSource()
#2 E:\wwwroot\yihaodian\lib\Cake\Model\Model.php(1389): Model->schema()
#3 E:\wwwroot\yihaodian\lib\Cake\Controller\Component\PaginatorComponent.php(354): Model->hasField('id')
#4 E:\wwwroot\yihaodian\lib\Cake\Controller\Component\PaginatorComponent.php(125): PaginatorComponent->validateSort(Object(AppModel), Array, Array)
#5 E:\wwwroot\yihaodian\lib\Cake\Controller\Controller.php(1081): PaginatorComponent->paginate('User', Array, Array)
#6 E:\wwwroot\yihaodian\app\Controller\UserController.php(64): Controller->paginate('User')
#7 [internal function]: UserController->index()
#8 E:\wwwroot\yihaodian\lib\Cake\Controller\Controller.php(485): ReflectionMethod->invokeArgs(Object(UserController), Array)
#9 E:\wwwroot\yihaodian\lib\Cake\Routing\Dispatcher.php(186): Controller->invokeAction(Object(CakeRequest))
#10 E:\wwwroot\yihaodian\lib\Cake\Routing\Dispatcher.php(161): Dispatcher->_invoke(Object(UserController), Object(CakeRequest), Object(CakeResponse))
#11 E:\wwwroot\yihaodian\app\webroot\index.php(92): Dispatcher->dispatch(Object(CakeRequest), Object(CakeResponse))
#12 {main}
2012-11-09 12:41:45 Error: [MissingTableException] Table users for model User was not found in datasource default.
#0 E:\wwwroot\yihaodian\lib\Cake\Model\Model.php(3179): Model->setSource('users')
#1 E:\wwwroot\yihaodian\lib\Cake\Model\Model.php(1301): Model->getDataSource()
#2 E:\wwwroot\yihaodian\lib\Cake\Model\Model.php(1389): Model->schema()
#3 E:\wwwroot\yihaodian\lib\Cake\Controller\Component\PaginatorComponent.php(354): Model->hasField('id')
#4 E:\wwwroot\yihaodian\lib\Cake\Controller\Component\PaginatorComponent.php(125): PaginatorComponent->validateSort(Object(AppModel), Array, Array)
#5 E:\wwwroot\yihaodian\lib\Cake\Controller\Controller.php(1081): PaginatorComponent->paginate('User', Array, Array)
#6 E:\wwwroot\yihaodian\app\Controller\UserController.php(64): Controller->paginate('User')
#7 [internal function]: UserController->index()
#8 E:\wwwroot\yihaodian\lib\Cake\Controller\Controller.php(485): ReflectionMethod->invokeArgs(Object(UserController), Array)
#9 E:\wwwroot\yihaodian\lib\Cake\Routing\Dispatcher.php(186): Controller->invokeAction(Object(CakeRequest))
#10 E:\wwwroot\yihaodian\lib\Cake\Routing\Dispatcher.php(161): Dispatcher->_invoke(Object(UserController), Object(CakeRequest), Object(CakeResponse))
#11 E:\wwwroot\yihaodian\app\webroot\index.php(92): Dispatcher->dispatch(Object(CakeRequest), Object(CakeResponse))
#12 {main}
2012-11-09 12:42:07 Error: [MissingTableException] Table users for model User was not found in datasource default.
#0 E:\wwwroot\yihaodian\lib\Cake\Model\Model.php(3179): Model->setSource('users')
#1 E:\wwwroot\yihaodian\lib\Cake\Model\Model.php(1301): Model->getDataSource()
#2 E:\wwwroot\yihaodian\lib\Cake\Model\Model.php(1389): Model->schema()
#3 E:\wwwroot\yihaodian\lib\Cake\Controller\Component\PaginatorComponent.php(354): Model->hasField('id')
#4 E:\wwwroot\yihaodian\lib\Cake\Controller\Component\PaginatorComponent.php(125): PaginatorComponent->validateSort(Object(AppModel), Array, Array)
#5 E:\wwwroot\yihaodian\lib\Cake\Controller\Controller.php(1081): PaginatorComponent->paginate('User', Array, Array)
#6 E:\wwwroot\yihaodian\app\Controller\UserController.php(64): Controller->paginate('User')
#7 [internal function]: UserController->index()
#8 E:\wwwroot\yihaodian\lib\Cake\Controller\Controller.php(485): ReflectionMethod->invokeArgs(Object(UserController), Array)
#9 E:\wwwroot\yihaodian\lib\Cake\Routing\Dispatcher.php(186): Controller->invokeAction(Object(CakeRequest))
#10 E:\wwwroot\yihaodian\lib\Cake\Routing\Dispatcher.php(161): Dispatcher->_invoke(Object(UserController), Object(CakeRequest), Object(CakeResponse))
#11 E:\wwwroot\yihaodian\app\webroot\index.php(92): Dispatcher->dispatch(Object(CakeRequest), Object(CakeResponse))
#12 {main}
2012-11-09 12:42:38 Error: [MissingTableException] Table users for model User was not found in datasource default.
#0 E:\wwwroot\yihaodian\lib\Cake\Model\Model.php(3179): Model->setSource('users')
#1 E:\wwwroot\yihaodian\lib\Cake\Model\Model.php(1301): Model->getDataSource()
#2 E:\wwwroot\yihaodian\lib\Cake\Model\Model.php(1389): Model->schema()
#3 E:\wwwroot\yihaodian\lib\Cake\Controller\Component\PaginatorComponent.php(354): Model->hasField('id')
#4 E:\wwwroot\yihaodian\lib\Cake\Controller\Component\PaginatorComponent.php(125): PaginatorComponent->validateSort(Object(AppModel), Array, Array)
#5 E:\wwwroot\yihaodian\lib\Cake\Controller\Controller.php(1081): PaginatorComponent->paginate('User', Array, Array)
#6 E:\wwwroot\yihaodian\app\Controller\UserController.php(64): Controller->paginate('User')
#7 [internal function]: UserController->index()
#8 E:\wwwroot\yihaodian\lib\Cake\Controller\Controller.php(485): ReflectionMethod->invokeArgs(Object(UserController), Array)
#9 E:\wwwroot\yihaodian\lib\Cake\Routing\Dispatcher.php(186): Controller->invokeAction(Object(CakeRequest))
#10 E:\wwwroot\yihaodian\lib\Cake\Routing\Dispatcher.php(161): Dispatcher->_invoke(Object(UserController), Object(CakeRequest), Object(CakeResponse))
#11 E:\wwwroot\yihaodian\app\webroot\index.php(92): Dispatcher->dispatch(Object(CakeRequest), Object(CakeResponse))
#12 {main}
2012-11-09 13:09:30 Error: [MissingActionException] Action UserController::delete() could not be found.
#0 E:\wwwroot\yihaodian\lib\Cake\Routing\Dispatcher.php(186): Controller->invokeAction(Object(CakeRequest))
#1 E:\wwwroot\yihaodian\lib\Cake\Routing\Dispatcher.php(161): Dispatcher->_invoke(Object(UserController), Object(CakeRequest), Object(CakeResponse))
#2 E:\wwwroot\yihaodian\app\webroot\index.php(92): Dispatcher->dispatch(Object(CakeRequest), Object(CakeResponse))
#3 {main}
2012-11-09 13:48:06 Error: [MissingActionException] Action UserController::user() could not be found.
#0 E:\wwwroot\yihaodian\lib\Cake\Routing\Dispatcher.php(186): Controller->invokeAction(Object(CakeRequest))
#1 E:\wwwroot\yihaodian\lib\Cake\Routing\Dispatcher.php(161): Dispatcher->_invoke(Object(UserController), Object(CakeRequest), Object(CakeResponse))
#2 E:\wwwroot\yihaodian\app\webroot\index.php(92): Dispatcher->dispatch(Object(CakeRequest), Object(CakeResponse))
#3 {main}
2012-11-14 16:00:59 Error: [MissingConnectionException] Database connection "Postgres" is missing, or could not be created.
#0 E:\wwwroot\yihaodian\lib\Cake\Model\ConnectionManager.php(101): DboSource->__construct(Array)
#1 E:\wwwroot\yihaodian\lib\Cake\Model\Model.php(3157): ConnectionManager::getDataSource('default')
#2 E:\wwwroot\yihaodian\lib\Cake\Model\Model.php(1092): Model->setDataSource('default')
#3 E:\wwwroot\yihaodian\lib\Cake\Model\Model.php(3179): Model->setSource('user')
#4 E:\wwwroot\yihaodian\lib\Cake\Model\Model.php(1301): Model->getDataSource()
#5 E:\wwwroot\yihaodian\lib\Cake\Model\Model.php(1389): Model->schema()
#6 E:\wwwroot\yihaodian\lib\Cake\Controller\Component\PaginatorComponent.php(354): Model->hasField('id')
#7 E:\wwwroot\yihaodian\lib\Cake\Controller\Component\PaginatorComponent.php(125): PaginatorComponent->validateSort(Object(User), Array, Array)
#8 E:\wwwroot\yihaodian\lib\Cake\Controller\Controller.php(1081): PaginatorComponent->paginate('User', Array, Array)
#9 E:\wwwroot\yihaodian\app\Controller\UserController.php(64): Controller->paginate('User')
#10 [internal function]: UserController->index('home')
#11 E:\wwwroot\yihaodian\lib\Cake\Controller\Controller.php(485): ReflectionMethod->invokeArgs(Object(UserController), Array)
#12 E:\wwwroot\yihaodian\lib\Cake\Routing\Dispatcher.php(186): Controller->invokeAction(Object(CakeRequest))
#13 E:\wwwroot\yihaodian\lib\Cake\Routing\Dispatcher.php(161): Dispatcher->_invoke(Object(UserController), Object(CakeRequest), Object(CakeResponse))
#14 E:\wwwroot\yihaodian\app\webroot\index.php(92): Dispatcher->dispatch(Object(CakeRequest), Object(CakeResponse))
#15 {main}
2012-11-14 16:06:00 Error: [MissingConnectionException] Database connection "Postgres" is missing, or could not be created.
#0 E:\wwwroot\yihaodian\lib\Cake\Model\ConnectionManager.php(101): DboSource->__construct(Array)
#1 E:\wwwroot\yihaodian\lib\Cake\Model\Model.php(3157): ConnectionManager::getDataSource('default')
#2 E:\wwwroot\yihaodian\lib\Cake\Model\Model.php(1092): Model->setDataSource('default')
#3 E:\wwwroot\yihaodian\lib\Cake\Model\Model.php(3179): Model->setSource('user')
#4 E:\wwwroot\yihaodian\lib\Cake\Model\Model.php(1301): Model->getDataSource()
#5 E:\wwwroot\yihaodian\lib\Cake\Model\Model.php(1389): Model->schema()
#6 E:\wwwroot\yihaodian\lib\Cake\Controller\Component\PaginatorComponent.php(354): Model->hasField('id')
#7 E:\wwwroot\yihaodian\lib\Cake\Controller\Component\PaginatorComponent.php(125): PaginatorComponent->validateSort(Object(User), Array, Array)
#8 E:\wwwroot\yihaodian\lib\Cake\Controller\Controller.php(1081): PaginatorComponent->paginate('User', Array, Array)
#9 E:\wwwroot\yihaodian\app\Controller\UserController.php(64): Controller->paginate('User')
#10 [internal function]: UserController->index('home')
#11 E:\wwwroot\yihaodian\lib\Cake\Controller\Controller.php(485): ReflectionMethod->invokeArgs(Object(UserController), Array)
#12 E:\wwwroot\yihaodian\lib\Cake\Routing\Dispatcher.php(186): Controller->invokeAction(Object(CakeRequest))
#13 E:\wwwroot\yihaodian\lib\Cake\Routing\Dispatcher.php(161): Dispatcher->_invoke(Object(UserController), Object(CakeRequest), Object(CakeResponse))
#14 E:\wwwroot\yihaodian\app\webroot\index.php(92): Dispatcher->dispatch(Object(CakeRequest), Object(CakeResponse))
#15 {main}
2012-11-14 16:07:55 Error: [MissingConnectionException] Database connection "Postgres" is missing, or could not be created.
#0 E:\wwwroot\yihaodian\lib\Cake\Model\ConnectionManager.php(101): DboSource->__construct(Array)
#1 E:\wwwroot\yihaodian\lib\Cake\Model\Model.php(3157): ConnectionManager::getDataSource('default')
#2 E:\wwwroot\yihaodian\lib\Cake\Model\Model.php(1092): Model->setDataSource('default')
#3 E:\wwwroot\yihaodian\lib\Cake\Model\Model.php(3179): Model->setSource('user')
#4 E:\wwwroot\yihaodian\lib\Cake\Model\Model.php(1301): Model->getDataSource()
#5 E:\wwwroot\yihaodian\lib\Cake\Model\Model.php(1389): Model->schema()
#6 E:\wwwroot\yihaodian\lib\Cake\Controller\Component\PaginatorComponent.php(354): Model->hasField('id')
#7 E:\wwwroot\yihaodian\lib\Cake\Controller\Component\PaginatorComponent.php(125): PaginatorComponent->validateSort(Object(User), Array, Array)
#8 E:\wwwroot\yihaodian\lib\Cake\Controller\Controller.php(1081): PaginatorComponent->paginate('User', Array, Array)
#9 E:\wwwroot\yihaodian\app\Controller\UserController.php(64): Controller->paginate('User')
#10 [internal function]: UserController->index('home')
#11 E:\wwwroot\yihaodian\lib\Cake\Controller\Controller.php(485): ReflectionMethod->invokeArgs(Object(UserController), Array)
#12 E:\wwwroot\yihaodian\lib\Cake\Routing\Dispatcher.php(186): Controller->invokeAction(Object(CakeRequest))
#13 E:\wwwroot\yihaodian\lib\Cake\Routing\Dispatcher.php(161): Dispatcher->_invoke(Object(UserController), Object(CakeRequest), Object(CakeResponse))
#14 E:\wwwroot\yihaodian\app\webroot\index.php(92): Dispatcher->dispatch(Object(CakeRequest), Object(CakeResponse))
#15 {main}
2012-11-14 16:07:56 Error: [MissingConnectionException] Database connection "Postgres" is missing, or could not be created.
#0 E:\wwwroot\yihaodian\lib\Cake\Model\ConnectionManager.php(101): DboSource->__construct(Array)
#1 E:\wwwroot\yihaodian\lib\Cake\Model\Model.php(3157): ConnectionManager::getDataSource('default')
#2 E:\wwwroot\yihaodian\lib\Cake\Model\Model.php(1092): Model->setDataSource('default')
#3 E:\wwwroot\yihaodian\lib\Cake\Model\Model.php(3179): Model->setSource('user')
#4 E:\wwwroot\yihaodian\lib\Cake\Model\Model.php(1301): Model->getDataSource()
#5 E:\wwwroot\yihaodian\lib\Cake\Model\Model.php(1389): Model->schema()
#6 E:\wwwroot\yihaodian\lib\Cake\Controller\Component\PaginatorComponent.php(354): Model->hasField('id')
#7 E:\wwwroot\yihaodian\lib\Cake\Controller\Component\PaginatorComponent.php(125): PaginatorComponent->validateSort(Object(User), Array, Array)
#8 E:\wwwroot\yihaodian\lib\Cake\Controller\Controller.php(1081): PaginatorComponent->paginate('User', Array, Array)
#9 E:\wwwroot\yihaodian\app\Controller\UserController.php(64): Controller->paginate('User')
#10 [internal function]: UserController->index('home')
#11 E:\wwwroot\yihaodian\lib\Cake\Controller\Controller.php(485): ReflectionMethod->invokeArgs(Object(UserController), Array)
#12 E:\wwwroot\yihaodian\lib\Cake\Routing\Dispatcher.php(186): Controller->invokeAction(Object(CakeRequest))
#13 E:\wwwroot\yihaodian\lib\Cake\Routing\Dispatcher.php(161): Dispatcher->_invoke(Object(UserController), Object(CakeRequest), Object(CakeResponse))
#14 E:\wwwroot\yihaodian\app\webroot\index.php(92): Dispatcher->dispatch(Object(CakeRequest), Object(CakeResponse))
#15 {main}
2012-11-14 16:28:29 Error: [MissingConnectionException] Database connection "Postgres" is missing, or could not be created.
#0 E:\wwwroot\yihaodian\lib\Cake\Model\ConnectionManager.php(101): DboSource->__construct(Array)
#1 E:\wwwroot\yihaodian\lib\Cake\Model\Model.php(3157): ConnectionManager::getDataSource('default')
#2 E:\wwwroot\yihaodian\lib\Cake\Model\Model.php(1092): Model->setDataSource('default')
#3 E:\wwwroot\yihaodian\lib\Cake\Model\Model.php(3179): Model->setSource('user')
#4 E:\wwwroot\yihaodian\lib\Cake\Model\Model.php(1301): Model->getDataSource()
#5 E:\wwwroot\yihaodian\lib\Cake\Model\Model.php(1389): Model->schema()
#6 E:\wwwroot\yihaodian\lib\Cake\Controller\Component\PaginatorComponent.php(354): Model->hasField('id')
#7 E:\wwwroot\yihaodian\lib\Cake\Controller\Component\PaginatorComponent.php(125): PaginatorComponent->validateSort(Object(User), Array, Array)
#8 E:\wwwroot\yihaodian\lib\Cake\Controller\Controller.php(1081): PaginatorComponent->paginate('User', Array, Array)
#9 E:\wwwroot\yihaodian\app\Controller\UserController.php(64): Controller->paginate('User')
#10 [internal function]: UserController->index('home')
#11 E:\wwwroot\yihaodian\lib\Cake\Controller\Controller.php(485): ReflectionMethod->invokeArgs(Object(UserController), Array)
#12 E:\wwwroot\yihaodian\lib\Cake\Routing\Dispatcher.php(186): Controller->invokeAction(Object(CakeRequest))
#13 E:\wwwroot\yihaodian\lib\Cake\Routing\Dispatcher.php(161): Dispatcher->_invoke(Object(UserController), Object(CakeRequest), Object(CakeResponse))
#14 E:\wwwroot\yihaodian\app\webroot\index.php(92): Dispatcher->dispatch(Object(CakeRequest), Object(CakeResponse))
#15 {main}
2012-11-14 16:28:35 Error: [MissingConnectionException] Database connection "Postgres" is missing, or could not be created.
#0 E:\wwwroot\yihaodian\lib\Cake\Model\ConnectionManager.php(101): DboSource->__construct(Array)
#1 E:\wwwroot\yihaodian\lib\Cake\Model\Model.php(3157): ConnectionManager::getDataSource('default')
#2 E:\wwwroot\yihaodian\lib\Cake\Model\Model.php(1092): Model->setDataSource('default')
#3 E:\wwwroot\yihaodian\lib\Cake\Model\Model.php(3179): Model->setSource('user')
#4 E:\wwwroot\yihaodian\lib\Cake\Model\Model.php(1301): Model->getDataSource()
#5 E:\wwwroot\yihaodian\lib\Cake\Model\Model.php(1389): Model->schema()
#6 E:\wwwroot\yihaodian\lib\Cake\Controller\Component\PaginatorComponent.php(354): Model->hasField('id')
#7 E:\wwwroot\yihaodian\lib\Cake\Controller\Component\PaginatorComponent.php(125): PaginatorComponent->validateSort(Object(User), Array, Array)
#8 E:\wwwroot\yihaodian\lib\Cake\Controller\Controller.php(1081): PaginatorComponent->paginate('User', Array, Array)
#9 E:\wwwroot\yihaodian\app\Controller\UserController.php(64): Controller->paginate('User')
#10 [internal function]: UserController->index('home')
#11 E:\wwwroot\yihaodian\lib\Cake\Controller\Controller.php(485): ReflectionMethod->invokeArgs(Object(UserController), Array)
#12 E:\wwwroot\yihaodian\lib\Cake\Routing\Dispatcher.php(186): Controller->invokeAction(Object(CakeRequest))
#13 E:\wwwroot\yihaodian\lib\Cake\Routing\Dispatcher.php(161): Dispatcher->_invoke(Object(UserController), Object(CakeRequest), Object(CakeResponse))
#14 E:\wwwroot\yihaodian\app\webroot\index.php(92): Dispatcher->dispatch(Object(CakeRequest), Object(CakeResponse))
#15 {main}
2012-11-14 16:28:36 Error: [MissingConnectionException] Database connection "Postgres" is missing, or could not be created.
#0 E:\wwwroot\yihaodian\lib\Cake\Model\ConnectionManager.php(101): DboSource->__construct(Array)
#1 E:\wwwroot\yihaodian\lib\Cake\Model\Model.php(3157): ConnectionManager::getDataSource('default')
#2 E:\wwwroot\yihaodian\lib\Cake\Model\Model.php(1092): Model->setDataSource('default')
#3 E:\wwwroot\yihaodian\lib\Cake\Model\Model.php(3179): Model->setSource('user')
#4 E:\wwwroot\yihaodian\lib\Cake\Model\Model.php(1301): Model->getDataSource()
#5 E:\wwwroot\yihaodian\lib\Cake\Model\Model.php(1389): Model->schema()
#6 E:\wwwroot\yihaodian\lib\Cake\Controller\Component\PaginatorComponent.php(354): Model->hasField('id')
#7 E:\wwwroot\yihaodian\lib\Cake\Controller\Component\PaginatorComponent.php(125): PaginatorComponent->validateSort(Object(User), Array, Array)
#8 E:\wwwroot\yihaodian\lib\Cake\Controller\Controller.php(1081): PaginatorComponent->paginate('User', Array, Array)
#9 E:\wwwroot\yihaodian\app\Controller\UserController.php(64): Controller->paginate('User')
#10 [internal function]: UserController->index('home')
#11 E:\wwwroot\yihaodian\lib\Cake\Controller\Controller.php(485): ReflectionMethod->invokeArgs(Object(UserController), Array)
#12 E:\wwwroot\yihaodian\lib\Cake\Routing\Dispatcher.php(186): Controller->invokeAction(Object(CakeRequest))
#13 E:\wwwroot\yihaodian\lib\Cake\Routing\Dispatcher.php(161): Dispatcher->_invoke(Object(UserController), Object(CakeRequest), Object(CakeResponse))
#14 E:\wwwroot\yihaodian\app\webroot\index.php(92): Dispatcher->dispatch(Object(CakeRequest), Object(CakeResponse))
#15 {main}
2012-11-14 16:28:37 Error: [MissingConnectionException] Database connection "Postgres" is missing, or could not be created.
#0 E:\wwwroot\yihaodian\lib\Cake\Model\ConnectionManager.php(101): DboSource->__construct(Array)
#1 E:\wwwroot\yihaodian\lib\Cake\Model\Model.php(3157): ConnectionManager::getDataSource('default')
#2 E:\wwwroot\yihaodian\lib\Cake\Model\Model.php(1092): Model->setDataSource('default')
#3 E:\wwwroot\yihaodian\lib\Cake\Model\Model.php(3179): Model->setSource('user')
#4 E:\wwwroot\yihaodian\lib\Cake\Model\Model.php(1301): Model->getDataSource()
#5 E:\wwwroot\yihaodian\lib\Cake\Model\Model.php(1389): Model->schema()
#6 E:\wwwroot\yihaodian\lib\Cake\Controller\Component\PaginatorComponent.php(354): Model->hasField('id')
#7 E:\wwwroot\yihaodian\lib\Cake\Controller\Component\PaginatorComponent.php(125): PaginatorComponent->validateSort(Object(User), Array, Array)
#8 E:\wwwroot\yihaodian\lib\Cake\Controller\Controller.php(1081): PaginatorComponent->paginate('User', Array, Array)
#9 E:\wwwroot\yihaodian\app\Controller\UserController.php(64): Controller->paginate('User')
#10 [internal function]: UserController->index('home')
#11 E:\wwwroot\yihaodian\lib\Cake\Controller\Controller.php(485): ReflectionMethod->invokeArgs(Object(UserController), Array)
#12 E:\wwwroot\yihaodian\lib\Cake\Routing\Dispatcher.php(186): Controller->invokeAction(Object(CakeRequest))
#13 E:\wwwroot\yihaodian\lib\Cake\Routing\Dispatcher.php(161): Dispatcher->_invoke(Object(UserController), Object(CakeRequest), Object(CakeResponse))
#14 E:\wwwroot\yihaodian\app\webroot\index.php(92): Dispatcher->dispatch(Object(CakeRequest), Object(CakeResponse))
#15 {main}
2012-11-14 16:28:38 Error: [MissingConnectionException] Database connection "Postgres" is missing, or could not be created.
#0 E:\wwwroot\yihaodian\lib\Cake\Model\ConnectionManager.php(101): DboSource->__construct(Array)
#1 E:\wwwroot\yihaodian\lib\Cake\Model\Model.php(3157): ConnectionManager::getDataSource('default')
#2 E:\wwwroot\yihaodian\lib\Cake\Model\Model.php(1092): Model->setDataSource('default')
#3 E:\wwwroot\yihaodian\lib\Cake\Model\Model.php(3179): Model->setSource('user')
#4 E:\wwwroot\yihaodian\lib\Cake\Model\Model.php(1301): Model->getDataSource()
#5 E:\wwwroot\yihaodian\lib\Cake\Model\Model.php(1389): Model->schema()
#6 E:\wwwroot\yihaodian\lib\Cake\Controller\Component\PaginatorComponent.php(354): Model->hasField('id')
#7 E:\wwwroot\yihaodian\lib\Cake\Controller\Component\PaginatorComponent.php(125): PaginatorComponent->validateSort(Object(User), Array, Array)
#8 E:\wwwroot\yihaodian\lib\Cake\Controller\Controller.php(1081): PaginatorComponent->paginate('User', Array, Array)
#9 E:\wwwroot\yihaodian\app\Controller\UserController.php(64): Controller->paginate('User')
#10 [internal function]: UserController->index('home')
#11 E:\wwwroot\yihaodian\lib\Cake\Controller\Controller.php(485): ReflectionMethod->invokeArgs(Object(UserController), Array)
#12 E:\wwwroot\yihaodian\lib\Cake\Routing\Dispatcher.php(186): Controller->invokeAction(Object(CakeRequest))
#13 E:\wwwroot\yihaodian\lib\Cake\Routing\Dispatcher.php(161): Dispatcher->_invoke(Object(UserController), Object(CakeRequest), Object(CakeResponse))
#14 E:\wwwroot\yihaodian\app\webroot\index.php(92): Dispatcher->dispatch(Object(CakeRequest), Object(CakeResponse))
#15 {main}
2012-11-14 16:30:38 Error: [MissingConnectionException] Database connection "Postgres" is missing, or could not be created.
#0 E:\wwwroot\yihaodian\lib\Cake\Model\ConnectionManager.php(101): DboSource->__construct(Array)
#1 E:\wwwroot\yihaodian\lib\Cake\Model\Model.php(3157): ConnectionManager::getDataSource('default')
#2 E:\wwwroot\yihaodian\lib\Cake\Model\Model.php(1092): Model->setDataSource('default')
#3 E:\wwwroot\yihaodian\lib\Cake\Model\Model.php(3179): Model->setSource('user')
#4 E:\wwwroot\yihaodian\lib\Cake\Model\Model.php(1301): Model->getDataSource()
#5 E:\wwwroot\yihaodian\lib\Cake\Model\Model.php(1389): Model->schema()
#6 E:\wwwroot\yihaodian\lib\Cake\Controller\Component\PaginatorComponent.php(354): Model->hasField('id')
#7 E:\wwwroot\yihaodian\lib\Cake\Controller\Component\PaginatorComponent.php(125): PaginatorComponent->validateSort(Object(User), Array, Array)
#8 E:\wwwroot\yihaodian\lib\Cake\Controller\Controller.php(1081): PaginatorComponent->paginate('User', Array, Array)
#9 E:\wwwroot\yihaodian\app\Controller\UserController.php(64): Controller->paginate('User')
#10 [internal function]: UserController->index('home')
#11 E:\wwwroot\yihaodian\lib\Cake\Controller\Controller.php(485): ReflectionMethod->invokeArgs(Object(UserController), Array)
#12 E:\wwwroot\yihaodian\lib\Cake\Routing\Dispatcher.php(186): Controller->invokeAction(Object(CakeRequest))
#13 E:\wwwroot\yihaodian\lib\Cake\Routing\Dispatcher.php(161): Dispatcher->_invoke(Object(UserController), Object(CakeRequest), Object(CakeResponse))
#14 E:\wwwroot\yihaodian\app\webroot\index.php(92): Dispatcher->dispatch(Object(CakeRequest), Object(CakeResponse))
#15 {main}
2012-11-14 16:30:39 Error: [MissingConnectionException] Database connection "Postgres" is missing, or could not be created.
#0 E:\wwwroot\yihaodian\lib\Cake\Model\ConnectionManager.php(101): DboSource->__construct(Array)
#1 E:\wwwroot\yihaodian\lib\Cake\Model\Model.php(3157): ConnectionManager::getDataSource('default')
#2 E:\wwwroot\yihaodian\lib\Cake\Model\Model.php(1092): Model->setDataSource('default')
#3 E:\wwwroot\yihaodian\lib\Cake\Model\Model.php(3179): Model->setSource('user')
#4 E:\wwwroot\yihaodian\lib\Cake\Model\Model.php(1301): Model->getDataSource()
#5 E:\wwwroot\yihaodian\lib\Cake\Model\Model.php(1389): Model->schema()
#6 E:\wwwroot\yihaodian\lib\Cake\Controller\Component\PaginatorComponent.php(354): Model->hasField('id')
#7 E:\wwwroot\yihaodian\lib\Cake\Controller\Component\PaginatorComponent.php(125): PaginatorComponent->validateSort(Object(User), Array, Array)
#8 E:\wwwroot\yihaodian\lib\Cake\Controller\Controller.php(1081): PaginatorComponent->paginate('User', Array, Array)
#9 E:\wwwroot\yihaodian\app\Controller\UserController.php(64): Controller->paginate('User')
#10 [internal function]: UserController->index('home')
#11 E:\wwwroot\yihaodian\lib\Cake\Controller\Controller.php(485): ReflectionMethod->invokeArgs(Object(UserController), Array)
#12 E:\wwwroot\yihaodian\lib\Cake\Routing\Dispatcher.php(186): Controller->invokeAction(Object(CakeRequest))
#13 E:\wwwroot\yihaodian\lib\Cake\Routing\Dispatcher.php(161): Dispatcher->_invoke(Object(UserController), Object(CakeRequest), Object(CakeResponse))
#14 E:\wwwroot\yihaodian\app\webroot\index.php(92): Dispatcher->dispatch(Object(CakeRequest), Object(CakeResponse))
#15 {main}
2012-11-14 16:31:16 Error: [MissingConnectionException] Database connection "Postgres" is missing, or could not be created.
#0 E:\wwwroot\yihaodian\lib\Cake\Model\ConnectionManager.php(101): DboSource->__construct(Array)
#1 E:\wwwroot\yihaodian\lib\Cake\Model\Model.php(3157): ConnectionManager::getDataSource('default')
#2 E:\wwwroot\yihaodian\lib\Cake\Model\Model.php(1092): Model->setDataSource('default')
#3 E:\wwwroot\yihaodian\lib\Cake\Model\Model.php(3179): Model->setSource('user')
#4 E:\wwwroot\yihaodian\lib\Cake\Model\Model.php(1301): Model->getDataSource()
#5 E:\wwwroot\yihaodian\lib\Cake\Model\Model.php(1389): Model->schema()
#6 E:\wwwroot\yihaodian\lib\Cake\Controller\Component\PaginatorComponent.php(354): Model->hasField('id')
#7 E:\wwwroot\yihaodian\lib\Cake\Controller\Component\PaginatorComponent.php(125): PaginatorComponent->validateSort(Object(User), Array, Array)
#8 E:\wwwroot\yihaodian\lib\Cake\Controller\Controller.php(1081): PaginatorComponent->paginate('User', Array, Array)
#9 E:\wwwroot\yihaodian\app\Controller\UserController.php(64): Controller->paginate('User')
#10 [internal function]: UserController->index('home')
#11 E:\wwwroot\yihaodian\lib\Cake\Controller\Controller.php(485): ReflectionMethod->invokeArgs(Object(UserController), Array)
#12 E:\wwwroot\yihaodian\lib\Cake\Routing\Dispatcher.php(186): Controller->invokeAction(Object(CakeRequest))
#13 E:\wwwroot\yihaodian\lib\Cake\Routing\Dispatcher.php(161): Dispatcher->_invoke(Object(UserController), Object(CakeRequest), Object(CakeResponse))
#14 E:\wwwroot\yihaodian\app\webroot\index.php(92): Dispatcher->dispatch(Object(CakeRequest), Object(CakeResponse))
#15 {main}
2012-11-14 16:32:07 Error: [MissingConnectionException] Database connection "Postgres" is missing, or could not be created.
#0 E:\wwwroot\yihaodian\lib\Cake\Model\ConnectionManager.php(101): DboSource->__construct(Array)
#1 E:\wwwroot\yihaodian\lib\Cake\Model\Model.php(3157): ConnectionManager::getDataSource('default')
#2 E:\wwwroot\yihaodian\lib\Cake\Model\Model.php(1092): Model->setDataSource('default')
#3 E:\wwwroot\yihaodian\lib\Cake\Model\Model.php(3179): Model->setSource('user')
#4 E:\wwwroot\yihaodian\lib\Cake\Model\Model.php(1301): Model->getDataSource()
#5 E:\wwwroot\yihaodian\lib\Cake\Model\Model.php(1389): Model->schema()
#6 E:\wwwroot\yihaodian\lib\Cake\Controller\Component\PaginatorComponent.php(354): Model->hasField('id')
#7 E:\wwwroot\yihaodian\lib\Cake\Controller\Component\PaginatorComponent.php(125): PaginatorComponent->validateSort(Object(User), Array, Array)
#8 E:\wwwroot\yihaodian\lib\Cake\Controller\Controller.php(1081): PaginatorComponent->paginate('User', Array, Array)
#9 E:\wwwroot\yihaodian\app\Controller\UserController.php(64): Controller->paginate('User')
#10 [internal function]: UserController->index('home')
#11 E:\wwwroot\yihaodian\lib\Cake\Controller\Controller.php(485): ReflectionMethod->invokeArgs(Object(UserController), Array)
#12 E:\wwwroot\yihaodian\lib\Cake\Routing\Dispatcher.php(186): Controller->invokeAction(Object(CakeRequest))
#13 E:\wwwroot\yihaodian\lib\Cake\Routing\Dispatcher.php(161): Dispatcher->_invoke(Object(UserController), Object(CakeRequest), Object(CakeResponse))
#14 E:\wwwroot\yihaodian\app\webroot\index.php(92): Dispatcher->dispatch(Object(CakeRequest), Object(CakeResponse))
#15 {main}
2012-11-14 16:32:08 Error: [MissingConnectionException] Database connection "Postgres" is missing, or could not be created.
#0 E:\wwwroot\yihaodian\lib\Cake\Model\ConnectionManager.php(101): DboSource->__construct(Array)
#1 E:\wwwroot\yihaodian\lib\Cake\Model\Model.php(3157): ConnectionManager::getDataSource('default')
#2 E:\wwwroot\yihaodian\lib\Cake\Model\Model.php(1092): Model->setDataSource('default')
#3 E:\wwwroot\yihaodian\lib\Cake\Model\Model.php(3179): Model->setSource('user')
#4 E:\wwwroot\yihaodian\lib\Cake\Model\Model.php(1301): Model->getDataSource()
#5 E:\wwwroot\yihaodian\lib\Cake\Model\Model.php(1389): Model->schema()
#6 E:\wwwroot\yihaodian\lib\Cake\Controller\Component\PaginatorComponent.php(354): Model->hasField('id')
#7 E:\wwwroot\yihaodian\lib\Cake\Controller\Component\PaginatorComponent.php(125): PaginatorComponent->validateSort(Object(User), Array, Array)
#8 E:\wwwroot\yihaodian\lib\Cake\Controller\Controller.php(1081): PaginatorComponent->paginate('User', Array, Array)
#9 E:\wwwroot\yihaodian\app\Controller\UserController.php(64): Controller->paginate('User')
#10 [internal function]: UserController->index('home')
#11 E:\wwwroot\yihaodian\lib\Cake\Controller\Controller.php(485): ReflectionMethod->invokeArgs(Object(UserController), Array)
#12 E:\wwwroot\yihaodian\lib\Cake\Routing\Dispatcher.php(186): Controller->invokeAction(Object(CakeRequest))
#13 E:\wwwroot\yihaodian\lib\Cake\Routing\Dispatcher.php(161): Dispatcher->_invoke(Object(UserController), Object(CakeRequest), Object(CakeResponse))
#14 E:\wwwroot\yihaodian\app\webroot\index.php(92): Dispatcher->dispatch(Object(CakeRequest), Object(CakeResponse))
#15 {main}
2012-11-14 16:32:08 Error: [MissingConnectionException] Database connection "Postgres" is missing, or could not be created.
#0 E:\wwwroot\yihaodian\lib\Cake\Model\ConnectionManager.php(101): DboSource->__construct(Array)
#1 E:\wwwroot\yihaodian\lib\Cake\Model\Model.php(3157): ConnectionManager::getDataSource('default')
#2 E:\wwwroot\yihaodian\lib\Cake\Model\Model.php(1092): Model->setDataSource('default')
#3 E:\wwwroot\yihaodian\lib\Cake\Model\Model.php(3179): Model->setSource('user')
#4 E:\wwwroot\yihaodian\lib\Cake\Model\Model.php(1301): Model->getDataSource()
#5 E:\wwwroot\yihaodian\lib\Cake\Model\Model.php(1389): Model->schema()
#6 E:\wwwroot\yihaodian\lib\Cake\Controller\Component\PaginatorComponent.php(354): Model->hasField('id')
#7 E:\wwwroot\yihaodian\lib\Cake\Controller\Component\PaginatorComponent.php(125): PaginatorComponent->validateSort(Object(User), Array, Array)
#8 E:\wwwroot\yihaodian\lib\Cake\Controller\Controller.php(1081): PaginatorComponent->paginate('User', Array, Array)
#9 E:\wwwroot\yihaodian\app\Controller\UserController.php(64): Controller->paginate('User')
#10 [internal function]: UserController->index('home')
#11 E:\wwwroot\yihaodian\lib\Cake\Controller\Controller.php(485): ReflectionMethod->invokeArgs(Object(UserController), Array)
#12 E:\wwwroot\yihaodian\lib\Cake\Routing\Dispatcher.php(186): Controller->invokeAction(Object(CakeRequest))
#13 E:\wwwroot\yihaodian\lib\Cake\Routing\Dispatcher.php(161): Dispatcher->_invoke(Object(UserController), Object(CakeRequest), Object(CakeResponse))
#14 E:\wwwroot\yihaodian\app\webroot\index.php(92): Dispatcher->dispatch(Object(CakeRequest), Object(CakeResponse))
#15 {main}
2012-11-14 16:32:09 Error: [MissingConnectionException] Database connection "Postgres" is missing, or could not be created.
#0 E:\wwwroot\yihaodian\lib\Cake\Model\ConnectionManager.php(101): DboSource->__construct(Array)
#1 E:\wwwroot\yihaodian\lib\Cake\Model\Model.php(3157): ConnectionManager::getDataSource('default')
#2 E:\wwwroot\yihaodian\lib\Cake\Model\Model.php(1092): Model->setDataSource('default')
#3 E:\wwwroot\yihaodian\lib\Cake\Model\Model.php(3179): Model->setSource('user')
#4 E:\wwwroot\yihaodian\lib\Cake\Model\Model.php(1301): Model->getDataSource()
#5 E:\wwwroot\yihaodian\lib\Cake\Model\Model.php(1389): Model->schema()
#6 E:\wwwroot\yihaodian\lib\Cake\Controller\Component\PaginatorComponent.php(354): Model->hasField('id')
#7 E:\wwwroot\yihaodian\lib\Cake\Controller\Component\PaginatorComponent.php(125): PaginatorComponent->validateSort(Object(User), Array, Array)
#8 E:\wwwroot\yihaodian\lib\Cake\Controller\Controller.php(1081): PaginatorComponent->paginate('User', Array, Array)
#9 E:\wwwroot\yihaodian\app\Controller\UserController.php(64): Controller->paginate('User')
#10 [internal function]: UserController->index('home')
#11 E:\wwwroot\yihaodian\lib\Cake\Controller\Controller.php(485): ReflectionMethod->invokeArgs(Object(UserController), Array)
#12 E:\wwwroot\yihaodian\lib\Cake\Routing\Dispatcher.php(186): Controller->invokeAction(Object(CakeRequest))
#13 E:\wwwroot\yihaodian\lib\Cake\Routing\Dispatcher.php(161): Dispatcher->_invoke(Object(UserController), Object(CakeRequest), Object(CakeResponse))
#14 E:\wwwroot\yihaodian\app\webroot\index.php(92): Dispatcher->dispatch(Object(CakeRequest), Object(CakeResponse))
#15 {main}
2012-11-14 16:32:10 Error: [MissingConnectionException] Database connection "Postgres" is missing, or could not be created.
#0 E:\wwwroot\yihaodian\lib\Cake\Model\ConnectionManager.php(101): DboSource->__construct(Array)
#1 E:\wwwroot\yihaodian\lib\Cake\Model\Model.php(3157): ConnectionManager::getDataSource('default')
#2 E:\wwwroot\yihaodian\lib\Cake\Model\Model.php(1092): Model->setDataSource('default')
#3 E:\wwwroot\yihaodian\lib\Cake\Model\Model.php(3179): Model->setSource('user')
#4 E:\wwwroot\yihaodian\lib\Cake\Model\Model.php(1301): Model->getDataSource()
#5 E:\wwwroot\yihaodian\lib\Cake\Model\Model.php(1389): Model->schema()
#6 E:\wwwroot\yihaodian\lib\Cake\Controller\Component\PaginatorComponent.php(354): Model->hasField('id')
#7 E:\wwwroot\yihaodian\lib\Cake\Controller\Component\PaginatorComponent.php(125): PaginatorComponent->validateSort(Object(User), Array, Array)
#8 E:\wwwroot\yihaodian\lib\Cake\Controller\Controller.php(1081): PaginatorComponent->paginate('User', Array, Array)
#9 E:\wwwroot\yihaodian\app\Controller\UserController.php(64): Controller->paginate('User')
#10 [internal function]: UserController->index('home')
#11 E:\wwwroot\yihaodian\lib\Cake\Controller\Controller.php(485): ReflectionMethod->invokeArgs(Object(UserController), Array)
#12 E:\wwwroot\yihaodian\lib\Cake\Routing\Dispatcher.php(186): Controller->invokeAction(Object(CakeRequest))
#13 E:\wwwroot\yihaodian\lib\Cake\Routing\Dispatcher.php(161): Dispatcher->_invoke(Object(UserController), Object(CakeRequest), Object(CakeResponse))
#14 E:\wwwroot\yihaodian\app\webroot\index.php(92): Dispatcher->dispatch(Object(CakeRequest), Object(CakeResponse))
#15 {main}
2012-11-14 16:32:11 Error: [MissingConnectionException] Database connection "Postgres" is missing, or could not be created.
#0 E:\wwwroot\yihaodian\lib\Cake\Model\ConnectionManager.php(101): DboSource->__construct(Array)
#1 E:\wwwroot\yihaodian\lib\Cake\Model\Model.php(3157): ConnectionManager::getDataSource('default')
#2 E:\wwwroot\yihaodian\lib\Cake\Model\Model.php(1092): Model->setDataSource('default')
#3 E:\wwwroot\yihaodian\lib\Cake\Model\Model.php(3179): Model->setSource('user')
#4 E:\wwwroot\yihaodian\lib\Cake\Model\Model.php(1301): Model->getDataSource()
#5 E:\wwwroot\yihaodian\lib\Cake\Model\Model.php(1389): Model->schema()
#6 E:\wwwroot\yihaodian\lib\Cake\Controller\Component\PaginatorComponent.php(354): Model->hasField('id')
#7 E:\wwwroot\yihaodian\lib\Cake\Controller\Component\PaginatorComponent.php(125): PaginatorComponent->validateSort(Object(User), Array, Array)
#8 E:\wwwroot\yihaodian\lib\Cake\Controller\Controller.php(1081): PaginatorComponent->paginate('User', Array, Array)
#9 E:\wwwroot\yihaodian\app\Controller\UserController.php(64): Controller->paginate('User')
#10 [internal function]: UserController->index('home')
#11 E:\wwwroot\yihaodian\lib\Cake\Controller\Controller.php(485): ReflectionMethod->invokeArgs(Object(UserController), Array)
#12 E:\wwwroot\yihaodian\lib\Cake\Routing\Dispatcher.php(186): Controller->invokeAction(Object(CakeRequest))
#13 E:\wwwroot\yihaodian\lib\Cake\Routing\Dispatcher.php(161): Dispatcher->_invoke(Object(UserController), Object(CakeRequest), Object(CakeResponse))
#14 E:\wwwroot\yihaodian\app\webroot\index.php(92): Dispatcher->dispatch(Object(CakeRequest), Object(CakeResponse))
#15 {main}
2012-11-14 16:32:13 Error: [MissingConnectionException] Database connection "Postgres" is missing, or could not be created.
#0 E:\wwwroot\yihaodian\lib\Cake\Model\ConnectionManager.php(101): DboSource->__construct(Array)
#1 E:\wwwroot\yihaodian\lib\Cake\Model\Model.php(3157): ConnectionManager::getDataSource('default')
#2 E:\wwwroot\yihaodian\lib\Cake\Model\Model.php(1092): Model->setDataSource('default')
#3 E:\wwwroot\yihaodian\lib\Cake\Model\Model.php(3179): Model->setSource('user')
#4 E:\wwwroot\yihaodian\lib\Cake\Model\Model.php(1301): Model->getDataSource()
#5 E:\wwwroot\yihaodian\lib\Cake\Model\Model.php(1389): Model->schema()
#6 E:\wwwroot\yihaodian\lib\Cake\Controller\Component\PaginatorComponent.php(354): Model->hasField('id')
#7 E:\wwwroot\yihaodian\lib\Cake\Controller\Component\PaginatorComponent.php(125): PaginatorComponent->validateSort(Object(User), Array, Array)
#8 E:\wwwroot\yihaodian\lib\Cake\Controller\Controller.php(1081): PaginatorComponent->paginate('User', Array, Array)
#9 E:\wwwroot\yihaodian\app\Controller\UserController.php(64): Controller->paginate('User')
#10 [internal function]: UserController->index('home')
#11 E:\wwwroot\yihaodian\lib\Cake\Controller\Controller.php(485): ReflectionMethod->invokeArgs(Object(UserController), Array)
#12 E:\wwwroot\yihaodian\lib\Cake\Routing\Dispatcher.php(186): Controller->invokeAction(Object(CakeRequest))
#13 E:\wwwroot\yihaodian\lib\Cake\Routing\Dispatcher.php(161): Dispatcher->_invoke(Object(UserController), Object(CakeRequest), Object(CakeResponse))
#14 E:\wwwroot\yihaodian\app\webroot\index.php(92): Dispatcher->dispatch(Object(CakeRequest), Object(CakeResponse))
#15 {main}
2012-11-14 16:38:33 Error: [MissingConnectionException] Database connection "Postgres" is missing, or could not be created.
#0 E:\wwwroot\yihaodian\lib\Cake\Model\ConnectionManager.php(101): DboSource->__construct(Array)
#1 E:\wwwroot\yihaodian\lib\Cake\Model\Model.php(3157): ConnectionManager::getDataSource('default')
#2 E:\wwwroot\yihaodian\lib\Cake\Model\Model.php(1092): Model->setDataSource('default')
#3 E:\wwwroot\yihaodian\lib\Cake\Model\Model.php(3179): Model->setSource('user')
#4 E:\wwwroot\yihaodian\lib\Cake\Model\Model.php(1301): Model->getDataSource()
#5 E:\wwwroot\yihaodian\lib\Cake\Model\Model.php(1389): Model->schema()
#6 E:\wwwroot\yihaodian\lib\Cake\Controller\Component\PaginatorComponent.php(354): Model->hasField('id')
#7 E:\wwwroot\yihaodian\lib\Cake\Controller\Component\PaginatorComponent.php(125): PaginatorComponent->validateSort(Object(User), Array, Array)
#8 E:\wwwroot\yihaodian\lib\Cake\Controller\Controller.php(1081): PaginatorComponent->paginate('User', Array, Array)
#9 E:\wwwroot\yihaodian\app\Controller\UserController.php(64): Controller->paginate('User')
#10 [internal function]: UserController->index('home')
#11 E:\wwwroot\yihaodian\lib\Cake\Controller\Controller.php(485): ReflectionMethod->invokeArgs(Object(UserController), Array)
#12 E:\wwwroot\yihaodian\lib\Cake\Routing\Dispatcher.php(186): Controller->invokeAction(Object(CakeRequest))
#13 E:\wwwroot\yihaodian\lib\Cake\Routing\Dispatcher.php(161): Dispatcher->_invoke(Object(UserController), Object(CakeRequest), Object(CakeResponse))
#14 E:\wwwroot\yihaodian\app\webroot\index.php(92): Dispatcher->dispatch(Object(CakeRequest), Object(CakeResponse))
#15 {main}
2012-11-14 16:38:35 Error: [MissingConnectionException] Database connection "Postgres" is missing, or could not be created.
#0 E:\wwwroot\yihaodian\lib\Cake\Model\ConnectionManager.php(101): DboSource->__construct(Array)
#1 E:\wwwroot\yihaodian\lib\Cake\Model\Model.php(3157): ConnectionManager::getDataSource('default')
#2 E:\wwwroot\yihaodian\lib\Cake\Model\Model.php(1092): Model->setDataSource('default')
#3 E:\wwwroot\yihaodian\lib\Cake\Model\Model.php(3179): Model->setSource('user')
#4 E:\wwwroot\yihaodian\lib\Cake\Model\Model.php(1301): Model->getDataSource()
#5 E:\wwwroot\yihaodian\lib\Cake\Model\Model.php(1389): Model->schema()
#6 E:\wwwroot\yihaodian\lib\Cake\Controller\Component\PaginatorComponent.php(354): Model->hasField('id')
#7 E:\wwwroot\yihaodian\lib\Cake\Controller\Component\PaginatorComponent.php(125): PaginatorComponent->validateSort(Object(User), Array, Array)
#8 E:\wwwroot\yihaodian\lib\Cake\Controller\Controller.php(1081): PaginatorComponent->paginate('User', Array, Array)
#9 E:\wwwroot\yihaodian\app\Controller\UserController.php(64): Controller->paginate('User')
#10 [internal function]: UserController->index('home')
#11 E:\wwwroot\yihaodian\lib\Cake\Controller\Controller.php(485): ReflectionMethod->invokeArgs(Object(UserController), Array)
#12 E:\wwwroot\yihaodian\lib\Cake\Routing\Dispatcher.php(186): Controller->invokeAction(Object(CakeRequest))
#13 E:\wwwroot\yihaodian\lib\Cake\Routing\Dispatcher.php(161): Dispatcher->_invoke(Object(UserController), Object(CakeRequest), Object(CakeResponse))
#14 E:\wwwroot\yihaodian\app\webroot\index.php(92): Dispatcher->dispatch(Object(CakeRequest), Object(CakeResponse))
#15 {main}
2012-11-14 16:39:38 Error: [MissingConnectionException] Database connection "Postgres" is missing, or could not be created.
#0 E:\wwwroot\yihaodian\lib\Cake\Model\ConnectionManager.php(101): DboSource->__construct(Array)
#1 E:\wwwroot\yihaodian\lib\Cake\Model\Model.php(3157): ConnectionManager::getDataSource('default')
#2 E:\wwwroot\yihaodian\lib\Cake\Model\Model.php(1092): Model->setDataSource('default')
#3 E:\wwwroot\yihaodian\lib\Cake\Model\Model.php(3179): Model->setSource('user')
#4 E:\wwwroot\yihaodian\lib\Cake\Model\Model.php(1301): Model->getDataSource()
#5 E:\wwwroot\yihaodian\lib\Cake\Model\Model.php(1389): Model->schema()
#6 E:\wwwroot\yihaodian\lib\Cake\Controller\Component\PaginatorComponent.php(354): Model->hasField('id')
#7 E:\wwwroot\yihaodian\lib\Cake\Controller\Component\PaginatorComponent.php(125): PaginatorComponent->validateSort(Object(User), Array, Array)
#8 E:\wwwroot\yihaodian\lib\Cake\Controller\Controller.php(1081): PaginatorComponent->paginate('User', Array, Array)
#9 E:\wwwroot\yihaodian\app\Controller\UserController.php(64): Controller->paginate('User')
#10 [internal function]: UserController->index('home')
#11 E:\wwwroot\yihaodian\lib\Cake\Controller\Controller.php(485): ReflectionMethod->invokeArgs(Object(UserController), Array)
#12 E:\wwwroot\yihaodian\lib\Cake\Routing\Dispatcher.php(186): Controller->invokeAction(Object(CakeRequest))
#13 E:\wwwroot\yihaodian\lib\Cake\Routing\Dispatcher.php(161): Dispatcher->_invoke(Object(UserController), Object(CakeRequest), Object(CakeResponse))
#14 E:\wwwroot\yihaodian\app\webroot\index.php(92): Dispatcher->dispatch(Object(CakeRequest), Object(CakeResponse))
#15 {main}
2012-11-14 16:39:40 Error: [MissingConnectionException] Database connection "Postgres" is missing, or could not be created.
#0 E:\wwwroot\yihaodian\lib\Cake\Model\ConnectionManager.php(101): DboSource->__construct(Array)
#1 E:\wwwroot\yihaodian\lib\Cake\Model\Model.php(3157): ConnectionManager::getDataSource('default')
#2 E:\wwwroot\yihaodian\lib\Cake\Model\Model.php(1092): Model->setDataSource('default')
#3 E:\wwwroot\yihaodian\lib\Cake\Model\Model.php(3179): Model->setSource('user')
#4 E:\wwwroot\yihaodian\lib\Cake\Model\Model.php(1301): Model->getDataSource()
#5 E:\wwwroot\yihaodian\lib\Cake\Model\Model.php(1389): Model->schema()
#6 E:\wwwroot\yihaodian\lib\Cake\Controller\Component\PaginatorComponent.php(354): Model->hasField('id')
#7 E:\wwwroot\yihaodian\lib\Cake\Controller\Component\PaginatorComponent.php(125): PaginatorComponent->validateSort(Object(User), Array, Array)
#8 E:\wwwroot\yihaodian\lib\Cake\Controller\Controller.php(1081): PaginatorComponent->paginate('User', Array, Array)
#9 E:\wwwroot\yihaodian\app\Controller\UserController.php(64): Controller->paginate('User')
#10 [internal function]: UserController->index('home')
#11 E:\wwwroot\yihaodian\lib\Cake\Controller\Controller.php(485): ReflectionMethod->invokeArgs(Object(UserController), Array)
#12 E:\wwwroot\yihaodian\lib\Cake\Routing\Dispatcher.php(186): Controller->invokeAction(Object(CakeRequest))
#13 E:\wwwroot\yihaodian\lib\Cake\Routing\Dispatcher.php(161): Dispatcher->_invoke(Object(UserController), Object(CakeRequest), Object(CakeResponse))
#14 E:\wwwroot\yihaodian\app\webroot\index.php(92): Dispatcher->dispatch(Object(CakeRequest), Object(CakeResponse))
#15 {main}
2012-11-14 17:01:47 Error: [MissingConnectionException] Database connection "Postgres" is missing, or could not be created.
#0 E:\wwwroot\yihaodian\lib\Cake\Model\ConnectionManager.php(101): DboSource->__construct(Array)
#1 E:\wwwroot\yihaodian\lib\Cake\Model\Model.php(3157): ConnectionManager::getDataSource('default')
#2 E:\wwwroot\yihaodian\lib\Cake\Model\Model.php(1092): Model->setDataSource('default')
#3 E:\wwwroot\yihaodian\lib\Cake\Model\Model.php(3179): Model->setSource('user')
#4 E:\wwwroot\yihaodian\lib\Cake\Model\Model.php(1301): Model->getDataSource()
#5 E:\wwwroot\yihaodian\lib\Cake\Model\Model.php(1389): Model->schema()
#6 E:\wwwroot\yihaodian\lib\Cake\Controller\Component\PaginatorComponent.php(354): Model->hasField('id')
#7 E:\wwwroot\yihaodian\lib\Cake\Controller\Component\PaginatorComponent.php(125): PaginatorComponent->validateSort(Object(User), Array, Array)
#8 E:\wwwroot\yihaodian\lib\Cake\Controller\Controller.php(1081): PaginatorComponent->paginate('User', Array, Array)
#9 E:\wwwroot\yihaodian\app\Controller\UserController.php(64): Controller->paginate('User')
#10 [internal function]: UserController->index('home')
#11 E:\wwwroot\yihaodian\lib\Cake\Controller\Controller.php(485): ReflectionMethod->invokeArgs(Object(UserController), Array)
#12 E:\wwwroot\yihaodian\lib\Cake\Routing\Dispatcher.php(186): Controller->invokeAction(Object(CakeRequest))
#13 E:\wwwroot\yihaodian\lib\Cake\Routing\Dispatcher.php(161): Dispatcher->_invoke(Object(UserController), Object(CakeRequest), Object(CakeResponse))
#14 E:\wwwroot\yihaodian\app\webroot\index.php(92): Dispatcher->dispatch(Object(CakeRequest), Object(CakeResponse))
#15 {main}
2012-11-14 17:01:48 Error: [MissingConnectionException] Database connection "Postgres" is missing, or could not be created.
#0 E:\wwwroot\yihaodian\lib\Cake\Model\ConnectionManager.php(101): DboSource->__construct(Array)
#1 E:\wwwroot\yihaodian\lib\Cake\Model\Model.php(3157): ConnectionManager::getDataSource('default')
#2 E:\wwwroot\yihaodian\lib\Cake\Model\Model.php(1092): Model->setDataSource('default')
#3 E:\wwwroot\yihaodian\lib\Cake\Model\Model.php(3179): Model->setSource('user')
#4 E:\wwwroot\yihaodian\lib\Cake\Model\Model.php(1301): Model->getDataSource()
#5 E:\wwwroot\yihaodian\lib\Cake\Model\Model.php(1389): Model->schema()
#6 E:\wwwroot\yihaodian\lib\Cake\Controller\Component\PaginatorComponent.php(354): Model->hasField('id')
#7 E:\wwwroot\yihaodian\lib\Cake\Controller\Component\PaginatorComponent.php(125): PaginatorComponent->validateSort(Object(User), Array, Array)
#8 E:\wwwroot\yihaodian\lib\Cake\Controller\Controller.php(1081): PaginatorComponent->paginate('User', Array, Array)
#9 E:\wwwroot\yihaodian\app\Controller\UserController.php(64): Controller->paginate('User')
#10 [internal function]: UserController->index('home')
#11 E:\wwwroot\yihaodian\lib\Cake\Controller\Controller.php(485): ReflectionMethod->invokeArgs(Object(UserController), Array)
#12 E:\wwwroot\yihaodian\lib\Cake\Routing\Dispatcher.php(186): Controller->invokeAction(Object(CakeRequest))
#13 E:\wwwroot\yihaodian\lib\Cake\Routing\Dispatcher.php(161): Dispatcher->_invoke(Object(UserController), Object(CakeRequest), Object(CakeResponse))
#14 E:\wwwroot\yihaodian\app\webroot\index.php(92): Dispatcher->dispatch(Object(CakeRequest), Object(CakeResponse))
#15 {main}
2012-11-14 17:11:01 Error: [MissingConnectionException] Database connection "Postgres" is missing, or could not be created.
#0 E:\wwwroot\yihaodian\lib\Cake\Model\ConnectionManager.php(101): DboSource->__construct(Array)
#1 E:\wwwroot\yihaodian\lib\Cake\Model\Model.php(3157): ConnectionManager::getDataSource('default')
#2 E:\wwwroot\yihaodian\lib\Cake\Model\Model.php(1092): Model->setDataSource('default')
#3 E:\wwwroot\yihaodian\lib\Cake\Model\Model.php(3179): Model->setSource('user')
#4 E:\wwwroot\yihaodian\lib\Cake\Model\Model.php(1301): Model->getDataSource()
#5 E:\wwwroot\yihaodian\lib\Cake\Model\Model.php(1389): Model->schema()
#6 E:\wwwroot\yihaodian\lib\Cake\Controller\Component\PaginatorComponent.php(354): Model->hasField('id')
#7 E:\wwwroot\yihaodian\lib\Cake\Controller\Component\PaginatorComponent.php(125): PaginatorComponent->validateSort(Object(User), Array, Array)
#8 E:\wwwroot\yihaodian\lib\Cake\Controller\Controller.php(1081): PaginatorComponent->paginate('User', Array, Array)
#9 E:\wwwroot\yihaodian\app\Controller\UserController.php(64): Controller->paginate('User')
#10 [internal function]: UserController->index('home')
#11 E:\wwwroot\yihaodian\lib\Cake\Controller\Controller.php(485): ReflectionMethod->invokeArgs(Object(UserController), Array)
#12 E:\wwwroot\yihaodian\lib\Cake\Routing\Dispatcher.php(186): Controller->invokeAction(Object(CakeRequest))
#13 E:\wwwroot\yihaodian\lib\Cake\Routing\Dispatcher.php(161): Dispatcher->_invoke(Object(UserController), Object(CakeRequest), Object(CakeResponse))
#14 E:\wwwroot\yihaodian\app\webroot\index.php(92): Dispatcher->dispatch(Object(CakeRequest), Object(CakeResponse))
#15 {main}
2012-11-14 17:24:16 Error: [PDOException] SQLSTATE[23502]: Not null violation: 7 错误:  在字段 "id" 中空值违反了非空约束
DETAIL:  Failing row contains (null, null, 2001-06-03, null, 测试中文                                                    ..., 123456                                                          ...).
#0 E:\wwwroot\yihaodian\lib\Cake\Model\Datasource\DboSource.php(459): PDOStatement->execute(Array)
#1 E:\wwwroot\yihaodian\lib\Cake\Model\Datasource\DboSource.php(425): DboSource->_execute('INSERT INTO "pu...', Array)
#2 E:\wwwroot\yihaodian\lib\Cake\Model\Datasource\DboSource.php(1007): DboSource->execute('INSERT INTO "pu...')
#3 E:\wwwroot\yihaodian\lib\Cake\Model\Model.php(1730): DboSource->create(Object(User), Array, Array)
#4 E:\wwwroot\yihaodian\app\Controller\UserController.php(94): Model->save(Array)
#5 [internal function]: UserController->edit('72')
#6 E:\wwwroot\yihaodian\lib\Cake\Controller\Controller.php(485): ReflectionMethod->invokeArgs(Object(UserController), Array)
#7 E:\wwwroot\yihaodian\lib\Cake\Routing\Dispatcher.php(186): Controller->invokeAction(Object(CakeRequest))
#8 E:\wwwroot\yihaodian\lib\Cake\Routing\Dispatcher.php(161): Dispatcher->_invoke(Object(UserController), Object(CakeRequest), Object(CakeResponse))
#9 E:\wwwroot\yihaodian\app\webroot\index.php(92): Dispatcher->dispatch(Object(CakeRequest), Object(CakeResponse))
#10 {main}
2012-11-15 14:49:39 Error: [MissingControllerException] Controller class PhotosController could not be found.
#0 E:\wwwroot\yihaodian\app\webroot\index.php(92): Dispatcher->dispatch(Object(CakeRequest), Object(CakeResponse))
#1 {main}
2012-11-15 14:49:39 Error: [MissingControllerException] Controller class PhotosController could not be found.
#0 E:\wwwroot\yihaodian\app\webroot\index.php(92): Dispatcher->dispatch(Object(CakeRequest), Object(CakeResponse))
#1 {main}
2012-11-15 14:49:39 Error: [MissingControllerException] Controller class PhotosController could not be found.
#0 E:\wwwroot\yihaodian\app\webroot\index.php(92): Dispatcher->dispatch(Object(CakeRequest), Object(CakeResponse))
#1 {main}
2012-11-15 14:49:39 Error: [MissingControllerException] Controller class PhotosController could not be found.
#0 E:\wwwroot\yihaodian\app\webroot\index.php(92): Dispatcher->dispatch(Object(CakeRequest), Object(CakeResponse))
#1 {main}
2012-11-15 14:49:40 Error: [MissingControllerException] Controller class PhotosController could not be found.
#0 E:\wwwroot\yihaodian\app\webroot\index.php(92): Dispatcher->dispatch(Object(CakeRequest), Object(CakeResponse))
#1 {main}
2012-11-15 14:49:40 Error: [MissingControllerException] Controller class PhotosController could not be found.
#0 E:\wwwroot\yihaodian\app\webroot\index.php(92): Dispatcher->dispatch(Object(CakeRequest), Object(CakeResponse))
#1 {main}
2012-11-15 14:49:40 Error: [MissingControllerException] Controller class PhotosController could not be found.
#0 E:\wwwroot\yihaodian\app\webroot\index.php(92): Dispatcher->dispatch(Object(CakeRequest), Object(CakeResponse))
#1 {main}
2012-11-15 14:49:40 Error: [MissingControllerException] Controller class PhotosController could not be found.
#0 E:\wwwroot\yihaodian\app\webroot\index.php(92): Dispatcher->dispatch(Object(CakeRequest), Object(CakeResponse))
#1 {main}
2012-11-15 14:49:40 Error: [MissingControllerException] Controller class PhotosController could not be found.
#0 E:\wwwroot\yihaodian\app\webroot\index.php(92): Dispatcher->dispatch(Object(CakeRequest), Object(CakeResponse))
#1 {main}
2012-11-15 14:49:40 Error: [MissingControllerException] Controller class PhotosController could not be found.
#0 E:\wwwroot\yihaodian\app\webroot\index.php(92): Dispatcher->dispatch(Object(CakeRequest), Object(CakeResponse))
#1 {main}
2012-11-15 14:50:12 Error: [MissingControllerException] Controller class PhotosController could not be found.
#0 E:\wwwroot\yihaodian\app\webroot\index.php(92): Dispatcher->dispatch(Object(CakeRequest), Object(CakeResponse))
#1 {main}
2012-11-15 14:50:12 Error: [MissingControllerException] Controller class PhotosController could not be found.
#0 E:\wwwroot\yihaodian\app\webroot\index.php(92): Dispatcher->dispatch(Object(CakeRequest), Object(CakeResponse))
#1 {main}
2012-11-15 14:50:13 Error: [MissingControllerException] Controller class PhotosController could not be found.
#0 E:\wwwroot\yihaodian\app\webroot\index.php(92): Dispatcher->dispatch(Object(CakeRequest), Object(CakeResponse))
#1 {main}
2012-11-15 14:50:13 Error: [MissingControllerException] Controller class PhotosController could not be found.
#0 E:\wwwroot\yihaodian\app\webroot\index.php(92): Dispatcher->dispatch(Object(CakeRequest), Object(CakeResponse))
#1 {main}
2012-11-15 14:50:13 Error: [MissingControllerException] Controller class PhotosController could not be found.
#0 E:\wwwroot\yihaodian\app\webroot\index.php(92): Dispatcher->dispatch(Object(CakeRequest), Object(CakeResponse))
#1 {main}
2012-11-15 14:50:13 Error: [MissingControllerException] Controller class PhotosController could not be found.
#0 E:\wwwroot\yihaodian\app\webroot\index.php(92): Dispatcher->dispatch(Object(CakeRequest), Object(CakeResponse))
#1 {main}
2012-11-15 14:50:13 Error: [MissingControllerException] Controller class PhotosController could not be found.
#0 E:\wwwroot\yihaodian\app\webroot\index.php(92): Dispatcher->dispatch(Object(CakeRequest), Object(CakeResponse))
#1 {main}
2012-11-15 14:50:13 Error: [MissingControllerException] Controller class PhotosController could not be found.
#0 E:\wwwroot\yihaodian\app\webroot\index.php(92): Dispatcher->dispatch(Object(CakeRequest), Object(CakeResponse))
#1 {main}
2012-11-15 14:50:13 Error: [MissingControllerException] Controller class PhotosController could not be found.
#0 E:\wwwroot\yihaodian\app\webroot\index.php(92): Dispatcher->dispatch(Object(CakeRequest), Object(CakeResponse))
#1 {main}
2012-11-15 14:50:13 Error: [MissingControllerException] Controller class PhotosController could not be found.
#0 E:\wwwroot\yihaodian\app\webroot\index.php(92): Dispatcher->dispatch(Object(CakeRequest), Object(CakeResponse))
#1 {main}
2012-11-15 15:12:07 Error: [MissingControllerException] Controller class PhotosController could not be found.
#0 E:\wwwroot\yihaodian\app\webroot\index.php(92): Dispatcher->dispatch(Object(CakeRequest), Object(CakeResponse))
#1 {main}
2012-11-15 15:12:08 Error: [MissingControllerException] Controller class PhotosController could not be found.
#0 E:\wwwroot\yihaodian\app\webroot\index.php(92): Dispatcher->dispatch(Object(CakeRequest), Object(CakeResponse))
#1 {main}
2012-11-15 15:12:08 Error: [MissingControllerException] Controller class PhotosController could not be found.
#0 E:\wwwroot\yihaodian\app\webroot\index.php(92): Dispatcher->dispatch(Object(CakeRequest), Object(CakeResponse))
#1 {main}
2012-11-15 15:12:08 Error: [MissingControllerException] Controller class PhotosController could not be found.
#0 E:\wwwroot\yihaodian\app\webroot\index.php(92): Dispatcher->dispatch(Object(CakeRequest), Object(CakeResponse))
#1 {main}
2012-11-15 15:12:08 Error: [MissingControllerException] Controller class PhotosController could not be found.
#0 E:\wwwroot\yihaodian\app\webroot\index.php(92): Dispatcher->dispatch(Object(CakeRequest), Object(CakeResponse))
#1 {main}
2012-11-15 15:12:08 Error: [MissingControllerException] Controller class PhotosController could not be found.
#0 E:\wwwroot\yihaodian\app\webroot\index.php(92): Dispatcher->dispatch(Object(CakeRequest), Object(CakeResponse))
#1 {main}
2012-11-15 15:12:08 Error: [MissingControllerException] Controller class PhotosController could not be found.
#0 E:\wwwroot\yihaodian\app\webroot\index.php(92): Dispatcher->dispatch(Object(CakeRequest), Object(CakeResponse))
#1 {main}
2012-11-15 15:12:09 Error: [MissingControllerException] Controller class PhotosController could not be found.
#0 E:\wwwroot\yihaodian\app\webroot\index.php(92): Dispatcher->dispatch(Object(CakeRequest), Object(CakeResponse))
#1 {main}
2012-11-15 15:12:09 Error: [MissingControllerException] Controller class PhotosController could not be found.
#0 E:\wwwroot\yihaodian\app\webroot\index.php(92): Dispatcher->dispatch(Object(CakeRequest), Object(CakeResponse))
#1 {main}
2012-11-15 15:12:09 Error: [MissingControllerException] Controller class PhotosController could not be found.
#0 E:\wwwroot\yihaodian\app\webroot\index.php(92): Dispatcher->dispatch(Object(CakeRequest), Object(CakeResponse))
#1 {main}
2012-11-15 15:12:48 Error: [PDOException] SQLSTATE[42P01]: Undefined table: 7 错误:  对于表"Productphoto",丢失FROM子句项
LINE 1: ..."Productphotos"."product_cd" = (15665)   ORDER BY "Productph...
                                                             ^
#0 E:\wwwroot\yihaodian\lib\Cake\Model\Datasource\DboSource.php(459): PDOStatement->execute(Array)
#1 E:\wwwroot\yihaodian\lib\Cake\Model\Datasource\DboSource.php(425): DboSource->_execute('SELECT "Product...', Array)
#2 E:\wwwroot\yihaodian\lib\Cake\Model\Datasource\DboSource.php(669): DboSource->execute('SELECT "Product...', Array, Array)
#3 E:\wwwroot\yihaodian\lib\Cake\Model\Datasource\DboSource.php(1272): DboSource->fetchAll('SELECT "Product...', false)
#4 E:\wwwroot\yihaodian\lib\Cake\Model\Datasource\DboSource.php(1115): DboSource->queryAssociation(Object(Product), Object(Productphoto), 'hasMany', 'Productphotos', Array, Array, true, Array, 0, Array)
#5 E:\wwwroot\yihaodian\lib\Cake\Model\Model.php(2630): DboSource->read(Object(Product), Array)
#6 E:\wwwroot\yihaodian\app\Controller\Component\ProductComponent.php(40): Model->find('all', Array)
#7 E:\wwwroot\yihaodian\app\Controller\ProductController.php(48): ProductComponent->findNews()
#8 [internal function]: ProductController->display('home')
#9 E:\wwwroot\yihaodian\lib\Cake\Controller\Controller.php(485): ReflectionMethod->invokeArgs(Object(ProductController), Array)
#10 E:\wwwroot\yihaodian\lib\Cake\Routing\Dispatcher.php(186): Controller->invokeAction(Object(CakeRequest))
#11 E:\wwwroot\yihaodian\lib\Cake\Routing\Dispatcher.php(161): Dispatcher->_invoke(Object(ProductController), Object(CakeRequest), Object(CakeResponse))
#12 E:\wwwroot\yihaodian\app\webroot\index.php(92): Dispatcher->dispatch(Object(CakeRequest), Object(CakeResponse))
#13 {main}
2012-11-15 15:13:05 Error: [MissingControllerException] Controller class PhotosController could not be found.
#0 E:\wwwroot\yihaodian\app\webroot\index.php(92): Dispatcher->dispatch(Object(CakeRequest), Object(CakeResponse))
#1 {main}
2012-11-15 15:13:05 Error: [MissingControllerException] Controller class PhotosController could not be found.
#0 E:\wwwroot\yihaodian\app\webroot\index.php(92): Dispatcher->dispatch(Object(CakeRequest), Object(CakeResponse))
#1 {main}
2012-11-15 15:13:05 Error: [MissingControllerException] Controller class PhotosController could not be found.
#0 E:\wwwroot\yihaodian\app\webroot\index.php(92): Dispatcher->dispatch(Object(CakeRequest), Object(CakeResponse))
#1 {main}
2012-11-15 15:13:06 Error: [MissingControllerException] Controller class PhotosController could not be found.
#0 E:\wwwroot\yihaodian\app\webroot\index.php(92): Dispatcher->dispatch(Object(CakeRequest), Object(CakeResponse))
#1 {main}
2012-11-15 15:13:06 Error: [MissingControllerException] Controller class PhotosController could not be found.
#0 E:\wwwroot\yihaodian\app\webroot\index.php(92): Dispatcher->dispatch(Object(CakeRequest), Object(CakeResponse))
#1 {main}
2012-11-15 15:13:06 Error: [MissingControllerException] Controller class PhotosController could not be found.
#0 E:\wwwroot\yihaodian\app\webroot\index.php(92): Dispatcher->dispatch(Object(CakeRequest), Object(CakeResponse))
#1 {main}
2012-11-15 15:13:06 Error: [MissingControllerException] Controller class PhotosController could not be found.
#0 E:\wwwroot\yihaodian\app\webroot\index.php(92): Dispatcher->dispatch(Object(CakeRequest), Object(CakeResponse))
#1 {main}
2012-11-15 15:13:06 Error: [MissingControllerException] Controller class PhotosController could not be found.
#0 E:\wwwroot\yihaodian\app\webroot\index.php(92): Dispatcher->dispatch(Object(CakeRequest), Object(CakeResponse))
#1 {main}
2012-11-15 15:13:06 Error: [MissingControllerException] Controller class PhotosController could not be found.
#0 E:\wwwroot\yihaodian\app\webroot\index.php(92): Dispatcher->dispatch(Object(CakeRequest), Object(CakeResponse))
#1 {main}
2012-11-15 15:13:06 Error: [MissingControllerException] Controller class PhotosController could not be found.
#0 E:\wwwroot\yihaodian\app\webroot\index.php(92): Dispatcher->dispatch(Object(CakeRequest), Object(CakeResponse))
#1 {main}
2012-11-15 15:13:44 Error: [MissingControllerException] Controller class PhotosController could not be found.
#0 E:\wwwroot\yihaodian\app\webroot\index.php(92): Dispatcher->dispatch(Object(CakeRequest), Object(CakeResponse))
#1 {main}
2012-11-15 15:13:44 Error: [MissingControllerException] Controller class PhotosController could not be found.
#0 E:\wwwroot\yihaodian\app\webroot\index.php(92): Dispatcher->dispatch(Object(CakeRequest), Object(CakeResponse))
#1 {main}
2012-11-15 15:13:44 Error: [MissingControllerException] Controller class PhotosController could not be found.
#0 E:\wwwroot\yihaodian\app\webroot\index.php(92): Dispatcher->dispatch(Object(CakeRequest), Object(CakeResponse))
#1 {main}
2012-11-15 15:13:44 Error: [MissingControllerException] Controller class PhotosController could not be found.
#0 E:\wwwroot\yihaodian\app\webroot\index.php(92): Dispatcher->dispatch(Object(CakeRequest), Object(CakeResponse))
#1 {main}
2012-11-15 15:13:45 Error: [MissingControllerException] Controller class PhotosController could not be found.
#0 E:\wwwroot\yihaodian\app\webroot\index.php(92): Dispatcher->dispatch(Object(CakeRequest), Object(CakeResponse))
#1 {main}
2012-11-15 15:13:45 Error: [MissingControllerException] Controller class PhotosController could not be found.
#0 E:\wwwroot\yihaodian\app\webroot\index.php(92): Dispatcher->dispatch(Object(CakeRequest), Object(CakeResponse))
#1 {main}
2012-11-15 15:13:45 Error: [MissingControllerException] Controller class PhotosController could not be found.
#0 E:\wwwroot\yihaodian\app\webroot\index.php(92): Dispatcher->dispatch(Object(CakeRequest), Object(CakeResponse))
#1 {main}
2012-11-15 15:13:45 Error: [MissingControllerException] Controller class PhotosController could not be found.
#0 E:\wwwroot\yihaodian\app\webroot\index.php(92): Dispatcher->dispatch(Object(CakeRequest), Object(CakeResponse))
#1 {main}
2012-11-15 15:13:45 Error: [MissingControllerException] Controller class PhotosController could not be found.
#0 E:\wwwroot\yihaodian\app\webroot\index.php(92): Dispatcher->dispatch(Object(CakeRequest), Object(CakeResponse))
#1 {main}
2012-11-15 15:13:45 Error: [MissingControllerException] Controller class PhotosController could not be found.
#0 E:\wwwroot\yihaodian\app\webroot\index.php(92): Dispatcher->dispatch(Object(CakeRequest), Object(CakeResponse))
#1 {main}
2012-11-15 15:14:12 Error: [MissingControllerException] Controller class PhotosController could not be found.
#0 E:\wwwroot\yihaodian\app\webroot\index.php(92): Dispatcher->dispatch(Object(CakeRequest), Object(CakeResponse))
#1 {main}
2012-11-15 15:14:12 Error: [MissingControllerException] Controller class PhotosController could not be found.
#0 E:\wwwroot\yihaodian\app\webroot\index.php(92): Dispatcher->dispatch(Object(CakeRequest), Object(CakeResponse))
#1 {main}
2012-11-15 15:14:12 Error: [MissingControllerException] Controller class PhotosController could not be found.
#0 E:\wwwroot\yihaodian\app\webroot\index.php(92): Dispatcher->dispatch(Object(CakeRequest), Object(CakeResponse))
#1 {main}
2012-11-15 15:14:12 Error: [MissingControllerException] Controller class PhotosController could not be found.
#0 E:\wwwroot\yihaodian\app\webroot\index.php(92): Dispatcher->dispatch(Object(CakeRequest), Object(CakeResponse))
#1 {main}
2012-11-15 15:14:12 Error: [MissingControllerException] Controller class PhotosController could not be found.
#0 E:\wwwroot\yihaodian\app\webroot\index.php(92): Dispatcher->dispatch(Object(CakeRequest), Object(CakeResponse))
#1 {main}
2012-11-15 15:14:12 Error: [MissingControllerException] Controller class PhotosController could not be found.
#0 E:\wwwroot\yihaodian\app\webroot\index.php(92): Dispatcher->dispatch(Object(CakeRequest), Object(CakeResponse))
#1 {main}
2012-11-15 15:14:13 Error: [MissingControllerException] Controller class PhotosController could not be found.
#0 E:\wwwroot\yihaodian\app\webroot\index.php(92): Dispatcher->dispatch(Object(CakeRequest), Object(CakeResponse))
#1 {main}
2012-11-15 15:14:13 Error: [MissingControllerException] Controller class PhotosController could not be found.
#0 E:\wwwroot\yihaodian\app\webroot\index.php(92): Dispatcher->dispatch(Object(CakeRequest), Object(CakeResponse))
#1 {main}
2012-11-15 15:14:13 Error: [MissingControllerException] Controller class PhotosController could not be found.
#0 E:\wwwroot\yihaodian\app\webroot\index.php(92): Dispatcher->dispatch(Object(CakeRequest), Object(CakeResponse))
#1 {main}
2012-11-15 15:14:13 Error: [MissingControllerException] Controller class PhotosController could not be found.
#0 E:\wwwroot\yihaodian\app\webroot\index.php(92): Dispatcher->dispatch(Object(CakeRequest), Object(CakeResponse))
#1 {main}
2012-11-15 15:14:21 Error: [MissingControllerException] Controller class PhotosController could not be found.
#0 E:\wwwroot\yihaodian\app\webroot\index.php(92): Dispatcher->dispatch(Object(CakeRequest), Object(CakeResponse))
#1 {main}
2012-11-15 15:14:21 Error: [MissingControllerException] Controller class PhotosController could not be found.
#0 E:\wwwroot\yihaodian\app\webroot\index.php(92): Dispatcher->dispatch(Object(CakeRequest), Object(CakeResponse))
#1 {main}
2012-11-15 15:14:21 Error: [MissingControllerException] Controller class PhotosController could not be found.
#0 E:\wwwroot\yihaodian\app\webroot\index.php(92): Dispatcher->dispatch(Object(CakeRequest), Object(CakeResponse))
#1 {main}
2012-11-15 15:14:22 Error: [MissingControllerException] Controller class PhotosController could not be found.
#0 E:\wwwroot\yihaodian\app\webroot\index.php(92): Dispatcher->dispatch(Object(CakeRequest), Object(CakeResponse))
#1 {main}
2012-11-15 15:14:22 Error: [MissingControllerException] Controller class PhotosController could not be found.
#0 E:\wwwroot\yihaodian\app\webroot\index.php(92): Dispatcher->dispatch(Object(CakeRequest), Object(CakeResponse))
#1 {main}
2012-11-15 15:14:22 Error: [MissingControllerException] Controller class PhotosController could not be found.
#0 E:\wwwroot\yihaodian\app\webroot\index.php(92): Dispatcher->dispatch(Object(CakeRequest), Object(CakeResponse))
#1 {main}
2012-11-15 15:14:22 Error: [MissingControllerException] Controller class PhotosController could not be found.
#0 E:\wwwroot\yihaodian\app\webroot\index.php(92): Dispatcher->dispatch(Object(CakeRequest), Object(CakeResponse))
#1 {main}
2012-11-15 15:14:22 Error: [MissingControllerException] Controller class PhotosController could not be found.
#0 E:\wwwroot\yihaodian\app\webroot\index.php(92): Dispatcher->dispatch(Object(CakeRequest), Object(CakeResponse))
#1 {main}
2012-11-15 15:14:22 Error: [MissingControllerException] Controller class PhotosController could not be found.
#0 E:\wwwroot\yihaodian\app\webroot\index.php(92): Dispatcher->dispatch(Object(CakeRequest), Object(CakeResponse))
#1 {main}
2012-11-15 15:14:22 Error: [MissingControllerException] Controller class PhotosController could not be found.
#0 E:\wwwroot\yihaodian\app\webroot\index.php(92): Dispatcher->dispatch(Object(CakeRequest), Object(CakeResponse))
#1 {main}
2012-11-15 15:15:17 Error: [MissingControllerException] Controller class PhotosController could not be found.
#0 E:\wwwroot\yihaodian\app\webroot\index.php(92): Dispatcher->dispatch(Object(CakeRequest), Object(CakeResponse))
#1 {main}
2012-11-15 15:15:17 Error: [MissingControllerException] Controller class PhotosController could not be found.
#0 E:\wwwroot\yihaodian\app\webroot\index.php(92): Dispatcher->dispatch(Object(CakeRequest), Object(CakeResponse))
#1 {main}
2012-11-15 15:15:17 Error: [MissingControllerException] Controller class PhotosController could not be found.
#0 E:\wwwroot\yihaodian\app\webroot\index.php(92): Dispatcher->dispatch(Object(CakeRequest), Object(CakeResponse))
#1 {main}
2012-11-15 15:15:17 Error: [MissingControllerException] Controller class PhotosController could not be found.
#0 E:\wwwroot\yihaodian\app\webroot\index.php(92): Dispatcher->dispatch(Object(CakeRequest), Object(CakeResponse))
#1 {main}
2012-11-15 15:15:18 Error: [MissingControllerException] Controller class PhotosController could not be found.
#0 E:\wwwroot\yihaodian\app\webroot\index.php(92): Dispatcher->dispatch(Object(CakeRequest), Object(CakeResponse))
#1 {main}
2012-11-15 15:15:18 Error: [MissingControllerException] Controller class PhotosController could not be found.
#0 E:\wwwroot\yihaodian\app\webroot\index.php(92): Dispatcher->dispatch(Object(CakeRequest), Object(CakeResponse))
#1 {main}
2012-11-15 15:15:18 Error: [MissingControllerException] Controller class PhotosController could not be found.
#0 E:\wwwroot\yihaodian\app\webroot\index.php(92): Dispatcher->dispatch(Object(CakeRequest), Object(CakeResponse))
#1 {main}
2012-11-15 15:15:18 Error: [MissingControllerException] Controller class PhotosController could not be found.
#0 E:\wwwroot\yihaodian\app\webroot\index.php(92): Dispatcher->dispatch(Object(CakeRequest), Object(CakeResponse))
#1 {main}
2012-11-15 15:15:18 Error: [MissingControllerException] Controller class PhotosController could not be found.
#0 E:\wwwroot\yihaodian\app\webroot\index.php(92): Dispatcher->dispatch(Object(CakeRequest), Object(CakeResponse))
#1 {main}
2012-11-15 15:15:18 Error: [MissingControllerException] Controller class PhotosController could not be found.
#0 E:\wwwroot\yihaodian\app\webroot\index.php(92): Dispatcher->dispatch(Object(CakeRequest), Object(CakeResponse))
#1 {main}
2012-11-15 15:22:38 Error: [MissingControllerException] Controller class PhotosController could not be found.
#0 E:\wwwroot\yihaodian\app\webroot\index.php(92): Dispatcher->dispatch(Object(CakeRequest), Object(CakeResponse))
#1 {main}
2012-11-15 15:22:38 Error: [MissingControllerException] Controller class PhotosController could not be found.
#0 E:\wwwroot\yihaodian\app\webroot\index.php(92): Dispatcher->dispatch(Object(CakeRequest), Object(CakeResponse))
#1 {main}
2012-11-15 15:22:38 Error: [MissingControllerException] Controller class PhotosController could not be found.
#0 E:\wwwroot\yihaodian\app\webroot\index.php(92): Dispatcher->dispatch(Object(CakeRequest), Object(CakeResponse))
#1 {main}
2012-11-15 15:22:38 Error: [MissingControllerException] Controller class PhotosController could not be found.
#0 E:\wwwroot\yihaodian\app\webroot\index.php(92): Dispatcher->dispatch(Object(CakeRequest), Object(CakeResponse))
#1 {main}
2012-11-15 15:22:38 Error: [MissingControllerException] Controller class PhotosController could not be found.
#0 E:\wwwroot\yihaodian\app\webroot\index.php(92): Dispatcher->dispatch(Object(CakeRequest), Object(CakeResponse))
#1 {main}
2012-11-15 15:22:39 Error: [MissingControllerException] Controller class PhotosController could not be found.
#0 E:\wwwroot\yihaodian\app\webroot\index.php(92): Dispatcher->dispatch(Object(CakeRequest), Object(CakeResponse))
#1 {main}
2012-11-15 15:22:39 Error: [MissingControllerException] Controller class PhotosController could not be found.
#0 E:\wwwroot\yihaodian\app\webroot\index.php(92): Dispatcher->dispatch(Object(CakeRequest), Object(CakeResponse))
#1 {main}
2012-11-15 15:22:39 Error: [MissingControllerException] Controller class PhotosController could not be found.
#0 E:\wwwroot\yihaodian\app\webroot\index.php(92): Dispatcher->dispatch(Object(CakeRequest), Object(CakeResponse))
#1 {main}
2012-11-15 15:22:39 Error: [MissingControllerException] Controller class PhotosController could not be found.
#0 E:\wwwroot\yihaodian\app\webroot\index.php(92): Dispatcher->dispatch(Object(CakeRequest), Object(CakeResponse))
#1 {main}
2012-11-15 15:22:39 Error: [MissingControllerException] Controller class PhotosController could not be found.
#0 E:\wwwroot\yihaodian\app\webroot\index.php(92): Dispatcher->dispatch(Object(CakeRequest), Object(CakeResponse))
#1 {main}
2012-11-15 15:23:53 Error: [MissingControllerException] Controller class PhotosController could not be found.
#0 E:\wwwroot\yihaodian\app\webroot\index.php(92): Dispatcher->dispatch(Object(CakeRequest), Object(CakeResponse))
#1 {main}
2012-11-15 15:23:53 Error: [MissingControllerException] Controller class PhotosController could not be found.
#0 E:\wwwroot\yihaodian\app\webroot\index.php(92): Dispatcher->dispatch(Object(CakeRequest), Object(CakeResponse))
#1 {main}
2012-11-15 15:23:53 Error: [MissingControllerException] Controller class PhotosController could not be found.
#0 E:\wwwroot\yihaodian\app\webroot\index.php(92): Dispatcher->dispatch(Object(CakeRequest), Object(CakeResponse))
#1 {main}
2012-11-15 15:23:53 Error: [MissingControllerException] Controller class PhotosController could not be found.
#0 E:\wwwroot\yihaodian\app\webroot\index.php(92): Dispatcher->dispatch(Object(CakeRequest), Object(CakeResponse))
#1 {main}
2012-11-15 15:23:53 Error: [MissingControllerException] Controller class PhotosController could not be found.
#0 E:\wwwroot\yihaodian\app\webroot\index.php(92): Dispatcher->dispatch(Object(CakeRequest), Object(CakeResponse))
#1 {main}
2012-11-15 15:23:53 Error: [MissingControllerException] Controller class PhotosController could not be found.
#0 E:\wwwroot\yihaodian\app\webroot\index.php(92): Dispatcher->dispatch(Object(CakeRequest), Object(CakeResponse))
#1 {main}
2012-11-15 15:23:53 Error: [MissingControllerException] Controller class PhotosController could not be found.
#0 E:\wwwroot\yihaodian\app\webroot\index.php(92): Dispatcher->dispatch(Object(CakeRequest), Object(CakeResponse))
#1 {main}
2012-11-15 15:23:54 Error: [MissingControllerException] Controller class PhotosController could not be found.
#0 E:\wwwroot\yihaodian\app\webroot\index.php(92): Dispatcher->dispatch(Object(CakeRequest), Object(CakeResponse))
#1 {main}
2012-11-15 15:23:54 Error: [MissingControllerException] Controller class PhotosController could not be found.
#0 E:\wwwroot\yihaodian\app\webroot\index.php(92): Dispatcher->dispatch(Object(CakeRequest), Object(CakeResponse))
#1 {main}
2012-11-15 15:23:54 Error: [MissingControllerException] Controller class PhotosController could not be found.
#0 E:\wwwroot\yihaodian\app\webroot\index.php(92): Dispatcher->dispatch(Object(CakeRequest), Object(CakeResponse))
#1 {main}
2012-11-15 17:38:08 Error: [MissingControllerException] Controller class PhotosController could not be found.
#0 E:\wwwroot\yihaodian\app\webroot\index.php(92): Dispatcher->dispatch(Object(CakeRequest), Object(CakeResponse))
#1 {main}
2012-11-15 17:38:09 Error: [MissingControllerException] Controller class PhotosController could not be found.
#0 E:\wwwroot\yihaodian\app\webroot\index.php(92): Dispatcher->dispatch(Object(CakeRequest), Object(CakeResponse))
#1 {main}
2012-11-15 17:38:10 Error: [MissingControllerException] Controller class PhotosController could not be found.
#0 E:\wwwroot\yihaodian\app\webroot\index.php(92): Dispatcher->dispatch(Object(CakeRequest), Object(CakeResponse))
#1 {main}
2012-11-15 17:38:11 Error: [MissingControllerException] Controller class PhotosController could not be found.
#0 E:\wwwroot\yihaodian\app\webroot\index.php(92): Dispatcher->dispatch(Object(CakeRequest), Object(CakeResponse))
#1 {main}
2012-11-15 17:38:11 Error: [MissingControllerException] Controller class PhotosController could not be found.
#0 E:\wwwroot\yihaodian\app\webroot\index.php(92): Dispatcher->dispatch(Object(CakeRequest), Object(CakeResponse))
#1 {main}
2012-11-15 17:38:12 Error: [MissingControllerException] Controller class PhotosController could not be found.
#0 E:\wwwroot\yihaodian\app\webroot\index.php(92): Dispatcher->dispatch(Object(CakeRequest), Object(CakeResponse))
#1 {main}
2012-11-15 17:38:12 Error: [MissingControllerException] Controller class PhotosController could not be found.
#0 E:\wwwroot\yihaodian\app\webroot\index.php(92): Dispatcher->dispatch(Object(CakeRequest), Object(CakeResponse))
#1 {main}
2012-11-15 17:38:12 Error: [MissingControllerException] Controller class PhotosController could not be found.
#0 E:\wwwroot\yihaodian\app\webroot\index.php(92): Dispatcher->dispatch(Object(CakeRequest), Object(CakeResponse))
#1 {main}
2012-11-15 17:38:12 Error: [MissingControllerException] Controller class PhotosController could not be found.
#0 E:\wwwroot\yihaodian\app\webroot\index.php(92): Dispatcher->dispatch(Object(CakeRequest), Object(CakeResponse))
#1 {main}
2012-11-15 17:38:12 Error: [MissingControllerException] Controller class PhotosController could not be found.
#0 E:\wwwroot\yihaodian\app\webroot\index.php(92): Dispatcher->dispatch(Object(CakeRequest), Object(CakeResponse))
#1 {main}
2012-11-15 17:38:33 Error: [MissingControllerException] Controller class PhotosController could not be found.
#0 E:\wwwroot\yihaodian\app\webroot\index.php(92): Dispatcher->dispatch(Object(CakeRequest), Object(CakeResponse))
#1 {main}
2012-11-15 17:38:33 Error: [MissingControllerException] Controller class PhotosController could not be found.
#0 E:\wwwroot\yihaodian\app\webroot\index.php(92): Dispatcher->dispatch(Object(CakeRequest), Object(CakeResponse))
#1 {main}
2012-11-15 17:38:34 Error: [MissingControllerException] Controller class PhotosController could not be found.
#0 E:\wwwroot\yihaodian\app\webroot\index.php(92): Dispatcher->dispatch(Object(CakeRequest), Object(CakeResponse))
#1 {main}
2012-11-15 17:38:34 Error: [MissingControllerException] Controller class PhotosController could not be found.
#0 E:\wwwroot\yihaodian\app\webroot\index.php(92): Dispatcher->dispatch(Object(CakeRequest), Object(CakeResponse))
#1 {main}
2012-11-15 17:38:34 Error: [MissingControllerException] Controller class PhotosController could not be found.
#0 E:\wwwroot\yihaodian\app\webroot\index.php(92): Dispatcher->dispatch(Object(CakeRequest), Object(CakeResponse))
#1 {main}
2012-11-15 17:38:34 Error: [MissingControllerException] Controller class PhotosController could not be found.
#0 E:\wwwroot\yihaodian\app\webroot\index.php(92): Dispatcher->dispatch(Object(CakeRequest), Object(CakeResponse))
#1 {main}
2012-11-15 17:38:34 Error: [MissingControllerException] Controller class PhotosController could not be found.
#0 E:\wwwroot\yihaodian\app\webroot\index.php(92): Dispatcher->dispatch(Object(CakeRequest), Object(CakeResponse))
#1 {main}
2012-11-15 17:38:34 Error: [MissingControllerException] Controller class PhotosController could not be found.
#0 E:\wwwroot\yihaodian\app\webroot\index.php(92): Dispatcher->dispatch(Object(CakeRequest), Object(CakeResponse))
#1 {main}
2012-11-15 17:38:34 Error: [MissingControllerException] Controller class PhotosController could not be found.
#0 E:\wwwroot\yihaodian\app\webroot\index.php(92): Dispatcher->dispatch(Object(CakeRequest), Object(CakeResponse))
#1 {main}
2012-11-15 17:38:34 Error: [MissingControllerException] Controller class PhotosController could not be found.
#0 E:\wwwroot\yihaodian\app\webroot\index.php(92): Dispatcher->dispatch(Object(CakeRequest), Object(CakeResponse))
#1 {main}
